  functions.cpp
d:\desktop\pg\visual studio\study in nu lp\ii stage\oop\labworks\lab1\functions.cpp(50): warning C4996: 'fopen': This function or variable may be unsafe. Consider using fopen_s instead. To disable deprecation, use _CRT_SECURE_NO_WARNINGS. See online help for details.
  c:\program files (x86)\windows kits\10\include\10.0.10240.0\ucrt\stdio.h(205): note: see declaration of 'fopen'
d:\desktop\pg\visual studio\study in nu lp\ii stage\oop\labworks\lab1\functions.cpp(110): warning C4996: 'itoa': The POSIX name for this item is deprecated. Instead, use the ISO C and C++ conformant name: _itoa. See online help for details.
  c:\program files (x86)\windows kits\10\include\10.0.10240.0\ucrt\stdlib.h(1316): note: see declaration of 'itoa'
d:\desktop\pg\visual studio\study in nu lp\ii stage\oop\labworks\lab1\functions.cpp(111): warning C4996: 'strcat': This function or variable may be unsafe. Consider using strcat_s instead. To disable deprecation, use _CRT_SECURE_NO_WARNINGS. See online help for details.
  c:\program files (x86)\windows kits\10\include\10.0.10240.0\ucrt\string.h(90): note: see declaration of 'strcat'
d:\desktop\pg\visual studio\study in nu lp\ii stage\oop\labworks\lab1\functions.cpp(112): warning C4996: 'strcat': This function or variable may be unsafe. Consider using strcat_s instead. To disable deprecation, use _CRT_SECURE_NO_WARNINGS. See online help for details.
  c:\program files (x86)\windows kits\10\include\10.0.10240.0\ucrt\string.h(90): note: see declaration of 'strcat'
d:\desktop\pg\visual studio\study in nu lp\ii stage\oop\labworks\lab1\functions.cpp(113): warning C4996: 'strcpy': This function or variable may be unsafe. Consider using strcpy_s instead. To disable deprecation, use _CRT_SECURE_NO_WARNINGS. See online help for details.
  c:\program files (x86)\windows kits\10\include\10.0.10240.0\ucrt\string.h(119): note: see declaration of 'strcpy'
d:\desktop\pg\visual studio\study in nu lp\ii stage\oop\labworks\lab1\functions.cpp(121): warning C4996: 'itoa': The POSIX name for this item is deprecated. Instead, use the ISO C and C++ conformant name: _itoa. See online help for details.
  c:\program files (x86)\windows kits\10\include\10.0.10240.0\ucrt\stdlib.h(1316): note: see declaration of 'itoa'
d:\desktop\pg\visual studio\study in nu lp\ii stage\oop\labworks\lab1\functions.cpp(122): warning C4996: 'strcat': This function or variable may be unsafe. Consider using strcat_s instead. To disable deprecation, use _CRT_SECURE_NO_WARNINGS. See online help for details.
  c:\program files (x86)\windows kits\10\include\10.0.10240.0\ucrt\string.h(90): note: see declaration of 'strcat'
d:\desktop\pg\visual studio\study in nu lp\ii stage\oop\labworks\lab1\functions.cpp(123): warning C4996: 'strcat': This function or variable may be unsafe. Consider using strcat_s instead. To disable deprecation, use _CRT_SECURE_NO_WARNINGS. See online help for details.
  c:\program files (x86)\windows kits\10\include\10.0.10240.0\ucrt\string.h(90): note: see declaration of 'strcat'
d:\desktop\pg\visual studio\study in nu lp\ii stage\oop\labworks\lab1\functions.cpp(124): warning C4996: 'strcpy': This function or variable may be unsafe. Consider using strcpy_s instead. To disable deprecation, use _CRT_SECURE_NO_WARNINGS. See online help for details.
  c:\program files (x86)\windows kits\10\include\10.0.10240.0\ucrt\string.h(119): note: see declaration of 'strcpy'
  Lab1.vcxproj -> D:\Desktop\pg\Visual Studio\Study in NU LP\II stage\OOP\LabWorks\Debug\Lab1.exe
