d:\desktop\pg\visual studio\study in nu lp\ii stage\oop\labworks\lab6version1\debug\vc140.pdb
d:\desktop\pg\visual studio\study in nu lp\ii stage\oop\labworks\lab6version1\debug\vc140.idb
d:\desktop\pg\visual studio\study in nu lp\ii stage\oop\labworks\lab6version1\debug\cash.obj
d:\desktop\pg\visual studio\study in nu lp\ii stage\oop\labworks\lab6version1\debug\cashregister.obj
d:\desktop\pg\visual studio\study in nu lp\ii stage\oop\labworks\lab6version1\debug\cashsystem.obj
d:\desktop\pg\visual studio\study in nu lp\ii stage\oop\labworks\lab6version1\debug\main.obj
d:\desktop\pg\visual studio\study in nu lp\ii stage\oop\labworks\lab6version1\debug\pbdeliveredfromcashregister.obj
d:\desktop\pg\visual studio\study in nu lp\ii stage\oop\labworks\lab6version1\debug\prdeliveredfromcashregister.obj
d:\desktop\pg\visual studio\study in nu lp\ii stage\oop\labworks\lab6version1\debug\ptdelivedfromcashregister.obj
d:\desktop\pg\visual studio\study in nu lp\ii stage\oop\labworks\lab6version1\debug\ticket.obj
d:\desktop\pg\visual studio\study in nu lp\ii stage\oop\labworks\lab6version1\debug\interfaceautonumobj.obj
d:\desktop\pg\visual studio\study in nu lp\ii stage\oop\labworks\lab6version1\debug\interfaceconvertobjtostr.obj
d:\desktop\pg\visual studio\study in nu lp\ii stage\oop\labworks\lab6version1\debug\traincashnetwork.obj
d:\desktop\pg\visual studio\study in nu lp\ii stage\oop\labworks\debug\lab6version1.ilk
d:\desktop\pg\visual studio\study in nu lp\ii stage\oop\labworks\debug\lab6version1.exe
d:\desktop\pg\visual studio\study in nu lp\ii stage\oop\labworks\debug\lab6version1.pdb
d:\desktop\pg\visual studio\study in nu lp\ii stage\oop\labworks\lab6version1\debug\lab6version1.tlog\cl.command.1.tlog
d:\desktop\pg\visual studio\study in nu lp\ii stage\oop\labworks\lab6version1\debug\lab6version1.tlog\cl.read.1.tlog
d:\desktop\pg\visual studio\study in nu lp\ii stage\oop\labworks\lab6version1\debug\lab6version1.tlog\cl.write.1.tlog
d:\desktop\pg\visual studio\study in nu lp\ii stage\oop\labworks\lab6version1\debug\lab6version1.tlog\link.command.1.tlog
d:\desktop\pg\visual studio\study in nu lp\ii stage\oop\labworks\lab6version1\debug\lab6version1.tlog\link.read.1.tlog
d:\desktop\pg\visual studio\study in nu lp\ii stage\oop\labworks\lab6version1\debug\lab6version1.tlog\link.write.1.tlog
